C51 COMPILER V9.54   TIME                                                                  04/02/2016 02:16:16 PAGE 1   


C51 COMPILER V9.54, COMPILATION OF MODULE TIME
OBJECT MODULE PLACED IN .\Objects\TIME.obj
COMPILER INVOKED BY: C:\Keil_v5\C51\BIN\C51.EXE c\TIME.c COMPACT OPTIMIZE(8,SPEED) BROWSE INCDIR(.\include) DEBUG OBJECT
                    -EXTEND PRINT(.\Listings\TIME.lst) TABS(2) OBJECT(.\Objects\TIME.obj)

line level    source

   1          #include "time.h"
   2          
   3          #define Time_SET 200
   4          
   5          unsigned char Temp_Timer_OK=0;
   6          unsigned char RTC_Timer_OK=0;
   7          unsigned int Time_CNT=0;
   8          
   9          void Time0_Init()
  10          {
  11   1       TMOD|=0x01; //定时器0，方式1,16位定时器；
  12   1       TH0=0;
  13   1       TL0=0;   
  14   1       ET0=1;
  15   1       TR0=1; 
  16   1       EA=1;  
  17   1      }
  18          
  19          void Time0_Int() interrupt 1
  20          {
  21   1       TH0=0x8F;
  22   1       TL0=0xFF;
  23   1       Time_CNT++;
  24   1       RTC_Timer_OK=1;
  25   1       if(Time_CNT==Time_SET) 
  26   1        {
  27   2          Temp_Timer_OK=1;
  28   2          Time_CNT=0;
  29   2        }
  30   1      }
  31          
  32          
  33          


MODULE INFORMATION:   STATIC OVERLAYABLE
   CODE SIZE        =     73    ----
   CONSTANT SIZE    =   ----    ----
   XDATA SIZE       =   ----    ----
   PDATA SIZE       =      4    ----
   DATA SIZE        =   ----    ----
   IDATA SIZE       =   ----    ----
   BIT SIZE         =   ----    ----
END OF MODULE INFORMATION.


C51 COMPILATION COMPLETE.  0 WARNING(S),  0 ERROR(S)
