C51 COMPILER V9.54   UART                                                                  04/02/2016 02:16:16 PAGE 1   


C51 COMPILER V9.54, COMPILATION OF MODULE UART
OBJECT MODULE PLACED IN .\Objects\UART.obj
COMPILER INVOKED BY: C:\Keil_v5\C51\BIN\C51.EXE c\UART.c COMPACT OPTIMIZE(8,SPEED) BROWSE INCDIR(.\include) DEBUG OBJECT
                    -EXTEND PRINT(.\Listings\UART.lst) TABS(2) OBJECT(.\Objects\UART.obj)

line level    source

   1          #include "uart.h"
   2          #include "REG52.h"
   3          #include "intrins.h" 
   4          
   5          uchar Uart_SBUF;
   6          void Uart_Init(void)
   7          {
   8   1        SCON=0X50;      //设置为工作方式1
   9   1        TMOD|=0X20;     //设置计数器工作方式2
  10   1        PCON =0X80;     //波特率加倍
  11   1        TH1=0XF3;     //计数器初始值设置，注意波特率是4800的
  12   1        TL1=0XF3;
  13   1        //ES=1;           //打开接收中断
  14   1        EA=1;           //打开总中断
  15   1        TR1=1;              //打开计数器
  16   1        TI=1;
  17   1        //PS=1;
  18   1      }
  19          
  20          void Uart_SendData(uchar SendData)
  21          {
  22   1        SBUF=SendData;
  23   1        while (!TI);          //等待发送数据完成
  24   1        TI = 0;
  25   1      }
  26          
  27          void Uart_Int() interrupt 4
  28          {
  29   1        if(RI==1)
  30   1        {
  31   2         Uart_SBUF  =SBUF;
  32   2         RI = 0;             //清除接收中断标志位
  33   2         }  
  34   1      }


MODULE INFORMATION:   STATIC OVERLAYABLE
   CODE SIZE        =     56    ----
   CONSTANT SIZE    =   ----    ----
   XDATA SIZE       =   ----    ----
   PDATA SIZE       =      1    ----
   DATA SIZE        =   ----    ----
   IDATA SIZE       =   ----    ----
   BIT SIZE         =   ----    ----
END OF MODULE INFORMATION.


C51 COMPILATION COMPLETE.  0 WARNING(S),  0 ERROR(S)
